<?xml version="1.0" encoding="UTF-8"?>
<!-- Generated by org.testng.reporters.JUnitReportReporter -->
<testsuite hostname="IT-PC" failures="0" tests="1" name="testCasesNaukri.ProfileValidation" time="14.089" errors="0" timestamp="4 Sep 2019 07:11:34 GMT">
  <testcase classname="testCasesNaukri.ProfileValidation" name="profileStrength" time="14.089"/>
</testsuite> <!-- testCasesNaukri.ProfileValidation -->
