<?xml version="1.0" encoding="UTF-8"?>
<!-- Generated by org.testng.reporters.JUnitReportReporter -->
<testsuite hostname="IT-PC" failures="0" tests="1" name="testCasesNaukri.DeleteResume" time="1.317" errors="0" timestamp="4 Sep 2019 07:11:34 GMT">
  <testcase classname="testCasesNaukri.DeleteResume" name="cancelButton" time="1.317"/>
</testsuite> <!-- testCasesNaukri.DeleteResume -->
