<?xml version="1.0" encoding="UTF-8"?>
<!-- Generated by org.testng.reporters.JUnitReportReporter -->
<testsuite hostname="IT-PC" failures="0" tests="1" name="testCasesNaukri.ValidateCredentials" time="0.375" errors="0" timestamp="30 Aug 2019 06:35:40 GMT">
  <testcase classname="testCasesNaukri.ValidateCredentials" name="passwordValidation" time="0.375"/>
</testsuite> <!-- testCasesNaukri.ValidateCredentials -->
