<?xml version="1.0" encoding="UTF-8"?>
<!-- Generated by org.testng.reporters.JUnitReportReporter -->
<testsuite hostname="IT-PC" failures="0" tests="1" name="testCasesNaukri.NaukriLogin" time="1.094" errors="0" timestamp="4 Sep 2019 07:11:34 GMT">
  <testcase classname="testCasesNaukri.NaukriLogin" name="verifyLoginTest" time="1.094"/>
</testsuite> <!-- testCasesNaukri.NaukriLogin -->
